<?xml version="1.0" encoding="UTF-8"?>
<!-- Generated by org.testng.reporters.JUnitReportReporter -->
<testsuite skipped="0" hostname="TATTVA1" name="PracticeGithub.Demo" tests="1" failures="0" timestamp="10 Mar 2022 11:55:21 GMT" time="0.128" errors="0">
  <testcase name="demo" time="0.128" classname="PracticeGithub.Demo"/>
</testsuite> <!-- PracticeGithub.Demo -->
